<?xml version="1.0" encoding="UTF-8"?>
<testsuite name="agh.ics.oop.GrassFieldTest" tests="4" skipped="0" failures="0" errors="0" timestamp="2021-11-15T22:08:05" hostname="Dell-rafi" time="0.049">
  <properties/>
  <testcase name="canMoveTo()" classname="agh.ics.oop.GrassFieldTest" time="0.038"/>
  <testcase name="isOccupied()" classname="agh.ics.oop.GrassFieldTest" time="0.002"/>
  <testcase name="objectAt()" classname="agh.ics.oop.GrassFieldTest" time="0.003"/>
  <testcase name="place()" classname="agh.ics.oop.GrassFieldTest" time="0.002"/>
  <system-out><![CDATA[]]></system-out>
  <system-err><![CDATA[]]></system-err>
</testsuite>
