<?xml version="1.0" encoding="UTF-8"?>
<testsuite name="agh.ics.oop.AnimalTest" tests="2" skipped="0" failures="0" errors="0" timestamp="2021-10-28T17:42:00" hostname="Dell-rafi" time="0.048">
  <properties/>
  <testcase name="testMoveDirection()" classname="agh.ics.oop.AnimalTest" time="0.034"/>
  <testcase name="testToString()" classname="agh.ics.oop.AnimalTest" time="0.012"/>
  <system-out><![CDATA[]]></system-out>
  <system-err><![CDATA[]]></system-err>
</testsuite>
