<?xml version="1.0" encoding="UTF-8"?>
<testsuite name="agh.ics.oop.SimulationEngineTest" tests="1" skipped="0" failures="0" errors="0" timestamp="2021-11-15T12:33:28" hostname="Dell-rafi" time="0.033">
  <properties/>
  <testcase name="testSimulationEngine()" classname="agh.ics.oop.SimulationEngineTest" time="0.033"/>
  <system-out><![CDATA[]]></system-out>
  <system-err><![CDATA[]]></system-err>
</testsuite>
